<?xml version="1.0" encoding="UTF-8"?>
<testng-results ignored="0" total="2" passed="2" failed="0" skipped="0">
  <reporter-output>
  </reporter-output>
  <suite started-at="2023-05-03T10:28:27 IST" name="Default suite" finished-at="2023-05-03T10:28:37 IST" duration-ms="9335">
    <groups>
    </groups>
    <test started-at="2023-05-03T10:28:27 IST" name="Default test" finished-at="2023-05-03T10:28:37 IST" duration-ms="9335">
      <class name="Login_Test.SwagLabLoginTest">
        <test-method is-config="true" signature="openBrowser()[pri:0, instance:Login_Test.SwagLabLoginTest@53ce1329]" started-at="2023-05-03T10:28:27 IST" name="openBrowser" finished-at="2023-05-03T10:28:34 IST" duration-ms="6242" status="PASS">
          <reporter-output>
          </reporter-output>
        </test-method> <!-- openBrowser -->
        <test-method is-config="true" signature="loginToApp()[pri:0, instance:Login_Test.SwagLabLoginTest@53ce1329]" started-at="2023-05-03T10:28:34 IST" name="loginToApp" finished-at="2023-05-03T10:28:34 IST" duration-ms="528" status="PASS">
          <reporter-output>
          </reporter-output>
        </test-method> <!-- loginToApp -->
        <test-method signature="verifyAddToCartButtonConvertedToRemoveButton()[pri:0, instance:Login_Test.SwagLabLoginTest@53ce1329]" started-at="2023-05-03T10:28:34 IST" name="verifyAddToCartButtonConvertedToRemoveButton" finished-at="2023-05-03T10:28:35 IST" duration-ms="1387" status="PASS">
          <reporter-output>
          </reporter-output>
        </test-method> <!-- verifyAddToCartButtonConvertedToRemoveButton -->
        <test-method is-config="true" signature="logoutFromApp(org.testng.ITestResult)[pri:0, instance:Login_Test.SwagLabLoginTest@53ce1329]" started-at="2023-05-03T10:28:35 IST" name="logoutFromApp" finished-at="2023-05-03T10:28:36 IST" duration-ms="219" status="PASS">
          <params>
            <param index="0">
              <value>
                <![CDATA[[TestResult name=verifyAddToCartButtonConvertedToRemoveButton status=SUCCESS method=SwagLabLoginTest.verifyAddToCartButtonConvertedToRemoveButton()[pri:0, instance:Login_Test.SwagLabLoginTest@53ce1329] output={null}]]]>
              </value>
            </param>
          </params>
          <reporter-output>
          </reporter-output>
        </test-method> <!-- logoutFromApp -->
        <test-method is-config="true" signature="loginToApp()[pri:0, instance:Login_Test.SwagLabLoginTest@53ce1329]" started-at="2023-05-03T10:28:36 IST" name="loginToApp" finished-at="2023-05-03T10:28:36 IST" duration-ms="315" status="PASS">
          <reporter-output>
          </reporter-output>
        </test-method> <!-- loginToApp -->
        <test-method signature="verifylogo()[pri:0, instance:Login_Test.SwagLabLoginTest@53ce1329]" started-at="2023-05-03T10:28:36 IST" name="verifylogo" finished-at="2023-05-03T10:28:36 IST" duration-ms="65" status="PASS">
          <reporter-output>
          </reporter-output>
        </test-method> <!-- verifylogo -->
        <test-method is-config="true" signature="logoutFromApp(org.testng.ITestResult)[pri:0, instance:Login_Test.SwagLabLoginTest@53ce1329]" started-at="2023-05-03T10:28:36 IST" name="logoutFromApp" finished-at="2023-05-03T10:28:36 IST" duration-ms="204" status="PASS">
          <params>
            <param index="0">
              <value>
                <![CDATA[[TestResult name=verifylogo status=SUCCESS method=SwagLabLoginTest.verifylogo()[pri:0, instance:Login_Test.SwagLabLoginTest@53ce1329] output={null}]]]>
              </value>
            </param>
          </params>
          <reporter-output>
          </reporter-output>
        </test-method> <!-- logoutFromApp -->
        <test-method is-config="true" signature="closeTheBrowser()[pri:0, instance:Login_Test.SwagLabLoginTest@53ce1329]" started-at="2023-05-03T10:28:36 IST" name="closeTheBrowser" finished-at="2023-05-03T10:28:37 IST" duration-ms="317" status="PASS">
          <reporter-output>
          </reporter-output>
        </test-method> <!-- closeTheBrowser -->
      </class> <!-- Login_Test.SwagLabLoginTest -->
    </test> <!-- Default test -->
  </suite> <!-- Default suite -->
</testng-results>
